Analysis & Synthesis report for display
Thu Sep  6 19:00:44 2018
Quartus II 32-bit Version 13.0.1 Build 232 06/12/2013 Service Pack 1 SJ Web Edition


---------------------
; Table of Contents ;
---------------------
  1. Legal Notice
  2. Analysis & Synthesis Summary
  3. Analysis & Synthesis Settings
  4. Parallel Compilation
  5. Analysis & Synthesis Source Files Read
  6. Analysis & Synthesis Resource Usage Summary
  7. Analysis & Synthesis Resource Utilization by Entity
  8. State Machine - |lcd_example|lcd_controller:dut|state
  9. Registers Removed During Synthesis
 10. Removed Registers Triggering Further Register Optimizations
 11. General Register Statistics
 12. Inverted Register Statistics
 13. Multiplexer Restructuring Statistics (Restructuring Performed)
 14. Port Connectivity Checks: "lcd_controller:dut"
 15. Elapsed Time Per Partition
 16. Analysis & Synthesis Messages



----------------
; Legal Notice ;
----------------
Copyright (C) 1991-2013 Altera Corporation
Your use of Altera Corporation's design tools, logic functions 
and other software and tools, and its AMPP partner logic 
functions, and any output files from any of the foregoing 
(including device programming or simulation files), and any 
associated documentation or information are expressly subject 
to the terms and conditions of the Altera Program License 
Subscription Agreement, Altera MegaCore Function License 
Agreement, or other applicable license agreement, including, 
without limitation, that your use is for the sole purpose of 
programming logic devices manufactured by Altera and sold by 
Altera or its authorized distributors.  Please refer to the 
applicable agreement for further details.



+--------------------------------------------------------------------------------------+
; Analysis & Synthesis Summary                                                         ;
+------------------------------------+-------------------------------------------------+
; Analysis & Synthesis Status        ; Successful - Thu Sep  6 19:00:44 2018           ;
; Quartus II 32-bit Version          ; 13.0.1 Build 232 06/12/2013 SP 1 SJ Web Edition ;
; Revision Name                      ; display                                         ;
; Top-level Entity Name              ; lcd_example                                     ;
; Family                             ; Cyclone II                                      ;
; Total logic elements               ; 235                                             ;
;     Total combinational functions  ; 234                                             ;
;     Dedicated logic registers      ; 60                                              ;
; Total registers                    ; 60                                              ;
; Total pins                         ; 14                                              ;
; Total virtual pins                 ; 0                                               ;
; Total memory bits                  ; 0                                               ;
; Embedded Multiplier 9-bit elements ; 0                                               ;
; Total PLLs                         ; 0                                               ;
+------------------------------------+-------------------------------------------------+


+----------------------------------------------------------------------------------------------------------------------+
; Analysis & Synthesis Settings                                                                                        ;
+----------------------------------------------------------------------------+--------------------+--------------------+
; Option                                                                     ; Setting            ; Default Value      ;
+----------------------------------------------------------------------------+--------------------+--------------------+
; Device                                                                     ; EP2C35F672C6       ;                    ;
; Top-level entity name                                                      ; lcd_example        ; display            ;
; Family name                                                                ; Cyclone II         ; Cyclone IV GX      ;
; Use smart compilation                                                      ; Off                ; Off                ;
; Enable parallel Assembler and TimeQuest Timing Analyzer during compilation ; On                 ; On                 ;
; Enable compact report table                                                ; Off                ; Off                ;
; Restructure Multiplexers                                                   ; Auto               ; Auto               ;
; Create Debugging Nodes for IP Cores                                        ; Off                ; Off                ;
; Preserve fewer node names                                                  ; On                 ; On                 ;
; Disable OpenCore Plus hardware evaluation                                  ; Off                ; Off                ;
; Verilog Version                                                            ; Verilog_2001       ; Verilog_2001       ;
; VHDL Version                                                               ; VHDL_1993          ; VHDL_1993          ;
; State Machine Processing                                                   ; Auto               ; Auto               ;
; Safe State Machine                                                         ; Off                ; Off                ;
; Extract Verilog State Machines                                             ; On                 ; On                 ;
; Extract VHDL State Machines                                                ; On                 ; On                 ;
; Ignore Verilog initial constructs                                          ; Off                ; Off                ;
; Iteration limit for constant Verilog loops                                 ; 5000               ; 5000               ;
; Iteration limit for non-constant Verilog loops                             ; 250                ; 250                ;
; Add Pass-Through Logic to Inferred RAMs                                    ; On                 ; On                 ;
; Infer RAMs from Raw Logic                                                  ; On                 ; On                 ;
; Parallel Synthesis                                                         ; On                 ; On                 ;
; DSP Block Balancing                                                        ; Auto               ; Auto               ;
; NOT Gate Push-Back                                                         ; On                 ; On                 ;
; Power-Up Don't Care                                                        ; On                 ; On                 ;
; Remove Redundant Logic Cells                                               ; Off                ; Off                ;
; Remove Duplicate Registers                                                 ; On                 ; On                 ;
; Ignore CARRY Buffers                                                       ; Off                ; Off                ;
; Ignore CASCADE Buffers                                                     ; Off                ; Off                ;
; Ignore GLOBAL Buffers                                                      ; Off                ; Off                ;
; Ignore ROW GLOBAL Buffers                                                  ; Off                ; Off                ;
; Ignore LCELL Buffers                                                       ; Off                ; Off                ;
; Ignore SOFT Buffers                                                        ; On                 ; On                 ;
; Limit AHDL Integers to 32 Bits                                             ; Off                ; Off                ;
; Optimization Technique                                                     ; Balanced           ; Balanced           ;
; Carry Chain Length                                                         ; 70                 ; 70                 ;
; Auto Carry Chains                                                          ; On                 ; On                 ;
; Auto Open-Drain Pins                                                       ; On                 ; On                 ;
; Perform WYSIWYG Primitive Resynthesis                                      ; Off                ; Off                ;
; Auto ROM Replacement                                                       ; On                 ; On                 ;
; Auto RAM Replacement                                                       ; On                 ; On                 ;
; Auto Shift Register Replacement                                            ; Auto               ; Auto               ;
; Allow Shift Register Merging across Hierarchies                            ; Auto               ; Auto               ;
; Auto Clock Enable Replacement                                              ; On                 ; On                 ;
; Strict RAM Replacement                                                     ; Off                ; Off                ;
; Allow Synchronous Control Signals                                          ; On                 ; On                 ;
; Force Use of Synchronous Clear Signals                                     ; Off                ; Off                ;
; Auto RAM to Logic Cell Conversion                                          ; Off                ; Off                ;
; Auto Resource Sharing                                                      ; Off                ; Off                ;
; Allow Any RAM Size For Recognition                                         ; Off                ; Off                ;
; Allow Any ROM Size For Recognition                                         ; Off                ; Off                ;
; Allow Any Shift Register Size For Recognition                              ; Off                ; Off                ;
; Use LogicLock Constraints during Resource Balancing                        ; On                 ; On                 ;
; Ignore translate_off and synthesis_off directives                          ; Off                ; Off                ;
; Timing-Driven Synthesis                                                    ; Off                ; Off                ;
; Report Parameter Settings                                                  ; On                 ; On                 ;
; Report Source Assignments                                                  ; On                 ; On                 ;
; Report Connectivity Checks                                                 ; On                 ; On                 ;
; Ignore Maximum Fan-Out Assignments                                         ; Off                ; Off                ;
; Synchronization Register Chain Length                                      ; 2                  ; 2                  ;
; PowerPlay Power Optimization                                               ; Normal compilation ; Normal compilation ;
; HDL message level                                                          ; Level2             ; Level2             ;
; Suppress Register Optimization Related Messages                            ; Off                ; Off                ;
; Number of Removed Registers Reported in Synthesis Report                   ; 5000               ; 5000               ;
; Number of Swept Nodes Reported in Synthesis Report                         ; 5000               ; 5000               ;
; Number of Inverted Registers Reported in Synthesis Report                  ; 100                ; 100                ;
; Clock MUX Protection                                                       ; On                 ; On                 ;
; Auto Gated Clock Conversion                                                ; Off                ; Off                ;
; Block Design Naming                                                        ; Auto               ; Auto               ;
; SDC constraint protection                                                  ; Off                ; Off                ;
; Synthesis Effort                                                           ; Auto               ; Auto               ;
; Shift Register Replacement - Allow Asynchronous Clear Signal               ; On                 ; On                 ;
; Pre-Mapping Resynthesis Optimization                                       ; Off                ; Off                ;
; Analysis & Synthesis Message Level                                         ; Medium             ; Medium             ;
; Disable Register Merging Across Hierarchies                                ; Auto               ; Auto               ;
; Resource Aware Inference For Block RAM                                     ; On                 ; On                 ;
; Synthesis Seed                                                             ; 1                  ; 1                  ;
+----------------------------------------------------------------------------+--------------------+--------------------+


Parallel compilation was disabled, but you have multiple processors available. Enable parallel compilation to reduce compilation time.
+-------------------------------------+
; Parallel Compilation                ;
+----------------------------+--------+
; Processors                 ; Number ;
+----------------------------+--------+
; Number detected on machine ; 4      ;
; Maximum allowed            ; 1      ;
+----------------------------+--------+


+---------------------------------------------------------------------------------------------------------------------------------------------------+
; Analysis & Synthesis Source Files Read                                                                                                            ;
+----------------------------------+-----------------+-----------------+------------------------------------------------------------------+---------+
; File Name with User-Entered Path ; Used in Netlist ; File Type       ; File Name with Absolute Path                                     ; Library ;
+----------------------------------+-----------------+-----------------+------------------------------------------------------------------+---------+
; lcd_controller.vhd               ; yes             ; User VHDL File  ; /home/vitor/Desktop/Sistemas Digitais/display/lcd_controller.vhd ;         ;
; lcd_example.vhd                  ; yes             ; User VHDL File  ; /home/vitor/Desktop/Sistemas Digitais/display/lcd_example.vhd    ;         ;
+----------------------------------+-----------------+-----------------+------------------------------------------------------------------+---------+


+-----------------------------------------------------+
; Analysis & Synthesis Resource Usage Summary         ;
+---------------------------------------------+-------+
; Resource                                    ; Usage ;
+---------------------------------------------+-------+
; Estimated Total logic elements              ; 235   ;
;                                             ;       ;
; Total combinational functions               ; 234   ;
; Logic element usage by number of LUT inputs ;       ;
;     -- 4 input functions                    ; 123   ;
;     -- 3 input functions                    ; 26    ;
;     -- <=2 input functions                  ; 85    ;
;                                             ;       ;
; Logic elements by mode                      ;       ;
;     -- normal mode                          ; 198   ;
;     -- arithmetic mode                      ; 36    ;
;                                             ;       ;
; Total registers                             ; 60    ;
;     -- Dedicated logic registers            ; 60    ;
;     -- I/O registers                        ; 0     ;
;                                             ;       ;
; I/O pins                                    ; 14    ;
; Embedded Multiplier 9-bit elements          ; 0     ;
; Maximum fan-out node                        ; clk   ;
; Maximum fan-out                             ; 60    ;
; Total fan-out                               ; 889   ;
; Average fan-out                             ; 2.89  ;
+---------------------------------------------+-------+


+-----------------------------------------------------------------------------------------------------------------------------------------------------------------------------------------+
; Analysis & Synthesis Resource Utilization by Entity                                                                                                                                     ;
+----------------------------+-------------------+--------------+-------------+--------------+---------+-----------+------+--------------+---------------------------------+--------------+
; Compilation Hierarchy Node ; LC Combinationals ; LC Registers ; Memory Bits ; DSP Elements ; DSP 9x9 ; DSP 18x18 ; Pins ; Virtual Pins ; Full Hierarchy Name             ; Library Name ;
+----------------------------+-------------------+--------------+-------------+--------------+---------+-----------+------+--------------+---------------------------------+--------------+
; |lcd_example               ; 234 (43)          ; 60 (14)      ; 0           ; 0            ; 0       ; 0         ; 14   ; 0            ; |lcd_example                    ; work         ;
;    |lcd_controller:dut|    ; 191 (191)         ; 46 (46)      ; 0           ; 0            ; 0       ; 0         ; 0    ; 0            ; |lcd_example|lcd_controller:dut ; work         ;
+----------------------------+-------------------+--------------+-------------+--------------+---------+-----------+------+--------------+---------------------------------+--------------+
Note: For table entries with two numbers listed, the numbers in parentheses indicate the number of resources of the given type used by the specific entity alone. The numbers listed outside of parentheses indicate the total resources of the given type used by the specific entity and all of its sub-entities in the hierarchy.


Encoding Type:  One-Hot
+---------------------------------------------------------------------------------+
; State Machine - |lcd_example|lcd_controller:dut|state                           ;
+------------------+------------+-------------+------------------+----------------+
; Name             ; state.send ; state.ready ; state.initialize ; state.power_up ;
+------------------+------------+-------------+------------------+----------------+
; state.power_up   ; 0          ; 0           ; 0                ; 0              ;
; state.initialize ; 0          ; 0           ; 1                ; 1              ;
; state.ready      ; 0          ; 1           ; 0                ; 1              ;
; state.send       ; 1          ; 0           ; 0                ; 1              ;
+------------------+------------+-------------+------------------+----------------+


+--------------------------------------------------------------------------------+
; Registers Removed During Synthesis                                             ;
+---------------------------------------+----------------------------------------+
; Register name                         ; Reason for Removal                     ;
+---------------------------------------+----------------------------------------+
; lcd_bus[8]                            ; Merged with lcd_bus[7]                 ;
; lcd_bus[7]                            ; Stuck at GND due to stuck port data_in ;
; lcd_bus[9]                            ; Stuck at VCC due to stuck port data_in ;
; lcd_controller:dut|rw                 ; Stuck at GND due to stuck port data_in ;
; lcd_controller:dut|lcd_data[7]        ; Stuck at GND due to stuck port data_in ;
; Total Number of Removed Registers = 5 ;                                        ;
+---------------------------------------+----------------------------------------+


+---------------------------------------------------------------------------------------------------+
; Removed Registers Triggering Further Register Optimizations                                       ;
+---------------+---------------------------+-------------------------------------------------------+
; Register name ; Reason for Removal        ; Registers Removed due to This Register                ;
+---------------+---------------------------+-------------------------------------------------------+
; lcd_bus[7]    ; Stuck at GND              ; lcd_controller:dut|rw, lcd_controller:dut|lcd_data[7] ;
;               ; due to stuck port data_in ;                                                       ;
+---------------+---------------------------+-------------------------------------------------------+


+------------------------------------------------------+
; General Register Statistics                          ;
+----------------------------------------------+-------+
; Statistic                                    ; Value ;
+----------------------------------------------+-------+
; Total registers                              ; 60    ;
; Number of registers using Synchronous Clear  ; 0     ;
; Number of registers using Synchronous Load   ; 1     ;
; Number of registers using Asynchronous Clear ; 0     ;
; Number of registers using Asynchronous Load  ; 0     ;
; Number of registers using Clock Enable       ; 20    ;
; Number of registers using Preset             ; 0     ;
+----------------------------------------------+-------+


+--------------------------------------------------+
; Inverted Register Statistics                     ;
+----------------------------------------+---------+
; Inverted Register                      ; Fan out ;
+----------------------------------------+---------+
; lcd_controller:dut|busy                ; 1       ;
; Total number of inverted registers = 1 ;         ;
+----------------------------------------+---------+


+-------------------------------------------------------------------------------------------------------------------------------------------------------------+
; Multiplexer Restructuring Statistics (Restructuring Performed)                                                                                              ;
+--------------------+-----------+---------------+----------------------+------------------------+------------+-----------------------------------------------+
; Multiplexer Inputs ; Bus Width ; Baseline Area ; Area if Restructured ; Saving if Restructured ; Registered ; Example Multiplexer Output                    ;
+--------------------+-----------+---------------+----------------------+------------------------+------------+-----------------------------------------------+
; 64:1               ; 9 bits    ; 378 LEs       ; 153 LEs              ; 225 LEs                ; Yes        ; |lcd_example|lcd_bus[9]                       ;
; 14:1               ; 7 bits    ; 63 LEs        ; 49 LEs               ; 14 LEs                 ; Yes        ; |lcd_example|lcd_controller:dut|lcd_data[3]   ;
; 14:1               ; 31 bits   ; 279 LEs       ; 31 LEs               ; 248 LEs                ; Yes        ; |lcd_example|lcd_controller:dut|clk_count[23] ;
+--------------------+-----------+---------------+----------------------+------------------------+------------+-----------------------------------------------+


+------------------------------------------------+
; Port Connectivity Checks: "lcd_controller:dut" ;
+---------+-------+----------+-------------------+
; Port    ; Type  ; Severity ; Details           ;
+---------+-------+----------+-------------------+
; reset_n ; Input ; Info     ; Stuck at VCC      ;
+---------+-------+----------+-------------------+


+-------------------------------+
; Elapsed Time Per Partition    ;
+----------------+--------------+
; Partition Name ; Elapsed Time ;
+----------------+--------------+
; Top            ; 00:00:01     ;
+----------------+--------------+


+-------------------------------+
; Analysis & Synthesis Messages ;
+-------------------------------+
Info: *******************************************************************
Info: Running Quartus II 32-bit Analysis & Synthesis
    Info: Version 13.0.1 Build 232 06/12/2013 Service Pack 1 SJ Web Edition
    Info: Processing started: Thu Sep  6 19:00:40 2018
Info: Command: quartus_map --read_settings_files=on --write_settings_files=off display -c display
Warning (20028): Parallel compilation is not licensed and has been disabled
Info (12021): Found 2 design units, including 1 entities, in source file lcd_controller.vhd
    Info (12022): Found design unit 1: lcd_controller-controller
    Info (12023): Found entity 1: lcd_controller
Info (12021): Found 2 design units, including 1 entities, in source file lcd_example.vhd
    Info (12022): Found design unit 1: lcd_example-behavior
    Info (12023): Found entity 1: lcd_example
Info (12127): Elaborating entity "lcd_example" for the top level hierarchy
Info (12128): Elaborating entity "lcd_controller" for hierarchy "lcd_controller:dut"
Warning (13024): Output pins are stuck at VCC or GND
    Warning (13410): Pin "rw" is stuck at GND
    Warning (13410): Pin "lcd_on" is stuck at VCC
    Warning (13410): Pin "lcd_blon" is stuck at VCC
    Warning (13410): Pin "lcd_data[7]" is stuck at GND
Info (16010): Generating hard_block partition "hard_block:auto_generated_inst"
    Info (16011): Adding 0 node(s), including 0 DDIO, 0 PLL, 0 transceiver and 0 LCELL
Info (21057): Implemented 256 device resources after synthesis - the final resource count might be different
    Info (21058): Implemented 1 input pins
    Info (21059): Implemented 13 output pins
    Info (21061): Implemented 242 logic cells
Info: Quartus II 32-bit Analysis & Synthesis was successful. 0 errors, 6 warnings
    Info: Peak virtual memory: 358 megabytes
    Info: Processing ended: Thu Sep  6 19:00:44 2018
    Info: Elapsed time: 00:00:04
    Info: Total CPU time (on all processors): 00:00:04


